# JRE version: OpenJDK Runtime Environment Temurin-17.0.10+7 (17.0.10+7) (build 17.0.10+7)
# Java VM: OpenJDK 64-Bit Server VM Temurin-17.0.10+7 (17.0.10+7, mixed mode, tiered, compressed oops, compressed class ptrs, parallel gc, windows-amd64)
GC Precious Log:
 CPUs: 4 total, 4 available
 Memory: 8069M
 Large Page Support: Disabled
 NUMA Support: Disabled
 Compressed Oops: Enabled (32-bit)
 Alignments: Space 512K, Generation 512K, Heap 2M
 Heap Min Capacity: 100M
 Heap Initial Capacity: 100M
 Heap Max Capacity: 1G
 Pre-touch: Disabled
 Parallel Workers: 4
Heap:
 PSYoungGen      total 16896K, used 3087K [0x00000000eab00000, 0x00000000ec180000, 0x0000000100000000)
  eden space 15872K, 13% used [0x00000000eab00000,0x00000000ead05f20,0x00000000eba80000)
  from space 1024K, 99% used [0x00000000ec080000,0x00000000ec17de10,0x00000000ec180000)
  to   space 3584K, 0% used [0x00000000eba80000,0x00000000eba80000,0x00000000ebe00000)
 ParOldGen       total 231936K, used 191380K [0x00000000c0000000, 0x00000000ce280000, 0x00000000eab00000)
  object space 231936K, 82% used [0x00000000c0000000,0x00000000cbae53e8,0x00000000ce280000)
 Metaspace       used 81126K, committed 82432K, reserved 1179648K
  class space    used 8790K, committed 9408K, reserved 1048576K
GC Heap History (20 events):
Event: 195.491 GC heap before
{Heap before GC invocations=557 (full 15):
 PSYoungGen      total 30208K, used 29708K [0x00000000eab00000, 0x00000000edc80000, 0x0000000100000000)
  eden space 15360K, 100% used [0x00000000eab00000,0x00000000eba00000,0x00000000eba00000)
  from space 14848K, 96% used [0x00000000ece00000,0x00000000edc03048,0x00000000edc80000)
  to   space 16384K, 0% used [0x00000000ebc80000,0x00000000ebc80000,0x00000000ecc80000)
 ParOldGen       total 333824K, used 313520K [0x00000000c0000000, 0x00000000d4600000, 0x00000000eab00000)
  object space 333824K, 93% used [0x00000000c0000000,0x00000000d322c028,0x00000000d4600000)
 Metaspace       used 76365K, committed 77632K, reserved 1179648K
  class space    used 8095K, committed 8640K, reserved 1048576K
}
Event: 195.530 GC heap after
{Heap after GC invocations=557 (full 15):
 PSYoungGen      total 32768K, used 16369K [0x00000000eab00000, 0x00000000ee800000, 0x0000000100000000)
  eden space 16384K, 0% used [0x00000000eab00000,0x00000000eab00000,0x00000000ebb00000)
  from space 16384K, 99% used [0x00000000ebc80000,0x00000000ecc7c568,0x00000000ecc80000)
  to   space 23040K, 0% used [0x00000000ed180000,0x00000000ed180000,0x00000000ee800000)
 ParOldGen       total 333824K, used 318766K [0x00000000c0000000, 0x00000000d4600000, 0x00000000eab00000)
  object space 333824K, 95% used [0x00000000c0000000,0x00000000d374bad0,0x00000000d4600000)
 Metaspace       used 76365K, committed 77632K, reserved 1179648K
  class space    used 8095K, committed 8640K, reserved 1048576K
}
Event: 195.825 GC heap before
{Heap before GC invocations=558 (full 15):
 PSYoungGen      total 32768K, used 32753K [0x00000000eab00000, 0x00000000ee800000, 0x0000000100000000)
  eden space 16384K, 100% used [0x00000000eab00000,0x00000000ebb00000,0x00000000ebb00000)
  from space 16384K, 99% used [0x00000000ebc80000,0x00000000ecc7c568,0x00000000ecc80000)
  to   space 23040K, 0% used [0x00000000ed180000,0x00000000ed180000,0x00000000ee800000)
 ParOldGen       total 333824K, used 318766K [0x00000000c0000000, 0x00000000d4600000, 0x00000000eab00000)
  object space 333824K, 95% used [0x00000000c0000000,0x00000000d374bad0,0x00000000d4600000)
 Metaspace       used 76378K, committed 77696K, reserved 1179648K
  class space    used 8096K, committed 8640K, reserved 1048576K
}
Event: 195.855 GC heap after
{Heap after GC invocations=558 (full 15):
 PSYoungGen      total 28672K, used 10955K [0x00000000eab00000, 0x00000000edc80000, 0x0000000100000000)
  eden space 17408K, 0% used [0x00000000eab00000,0x00000000eab00000,0x00000000ebc00000)
  from space 11264K, 97% used [0x00000000ed180000,0x00000000edc32f18,0x00000000edc80000)
  to   space 14848K, 0% used [0x00000000ebf80000,0x00000000ebf80000,0x00000000ece00000)
 ParOldGen       total 335360K, used 335184K [0x00000000c0000000, 0x00000000d4780000, 0x00000000eab00000)
  object space 335360K, 99% used [0x00000000c0000000,0x00000000d4754300,0x00000000d4780000)
 Metaspace       used 76378K, committed 77696K, reserved 1179648K
  class space    used 8096K, committed 8640K, reserved 1048576K
}
Event: 195.855 GC heap before
{Heap before GC invocations=559 (full 16):
 PSYoungGen      total 28672K, used 10955K [0x00000000eab00000, 0x00000000edc80000, 0x0000000100000000)
  eden space 17408K, 0% used [0x00000000eab00000,0x00000000eab00000,0x00000000ebc00000)
  from space 11264K, 97% used [0x00000000ed180000,0x00000000edc32f18,0x00000000edc80000)
  to   space 14848K, 0% used [0x00000000ebf80000,0x00000000ebf80000,0x00000000ece00000)
 ParOldGen       total 335360K, used 335184K [0x00000000c0000000, 0x00000000d4780000, 0x00000000eab00000)
  object space 335360K, 99% used [0x00000000c0000000,0x00000000d4754300,0x00000000d4780000)
 Metaspace       used 76378K, committed 77696K, reserved 1179648K
  class space    used 8096K, committed 8640K, reserved 1048576K
}
Event: 196.125 GC heap after
{Heap after GC invocations=559 (full 16):
 PSYoungGen      total 17920K, used 0K [0x00000000eab00000, 0x00000000ed900000, 0x0000000100000000)
  eden space 17408K, 0% used [0x00000000eab00000,0x00000000eab00000,0x00000000ebc00000)
  from space 512K, 0% used [0x00000000ebf80000,0x00000000ebf80000,0x00000000ec000000)
  to   space 14848K, 0% used [0x00000000eca80000,0x00000000eca80000,0x00000000ed900000)
 ParOldGen       total 231936K, used 181728K [0x00000000c0000000, 0x00000000ce280000, 0x00000000eab00000)
  object space 231936K, 78% used [0x00000000c0000000,0x00000000cb1782d8,0x00000000ce280000)
 Metaspace       used 76378K, committed 77696K, reserved 1179648K
  class space    used 8096K, committed 8640K, reserved 1048576K
}
Event: 197.220 GC heap before
{Heap before GC invocations=560 (full 16):
 PSYoungGen      total 17920K, used 17408K [0x00000000eab00000, 0x00000000ed900000, 0x0000000100000000)
  eden space 17408K, 100% used [0x00000000eab00000,0x00000000ebc00000,0x00000000ebc00000)
  from space 512K, 0% used [0x00000000ebf80000,0x00000000ebf80000,0x00000000ec000000)
  to   space 14848K, 0% used [0x00000000eca80000,0x00000000eca80000,0x00000000ed900000)
 ParOldGen       total 231936K, used 181728K [0x00000000c0000000, 0x00000000ce280000, 0x00000000eab00000)
  object space 231936K, 78% used [0x00000000c0000000,0x00000000cb1782d8,0x00000000ce280000)
 Metaspace       used 76749K, committed 78016K, reserved 1179648K
  class space    used 8130K, committed 8640K, reserved 1048576K
}
Event: 197.231 GC heap after
{Heap after GC invocations=560 (full 16):
 PSYoungGen      total 23040K, used 5275K [0x00000000eab00000, 0x00000000ed000000, 0x0000000100000000)
  eden space 17408K, 0% used [0x00000000eab00000,0x00000000eab00000,0x00000000ebc00000)
  from space 5632K, 93% used [0x00000000eca80000,0x00000000ecfa6cf8,0x00000000ed000000)
  to   space 8192K, 0% used [0x00000000ec000000,0x00000000ec000000,0x00000000ec800000)
 ParOldGen       total 231936K, used 181736K [0x00000000c0000000, 0x00000000ce280000, 0x00000000eab00000)
  object space 231936K, 78% used [0x00000000c0000000,0x00000000cb17a2d8,0x00000000ce280000)
 Metaspace       used 76749K, committed 78016K, reserved 1179648K
  class space    used 8130K, committed 8640K, reserved 1048576K
}
Event: 197.748 GC heap before
{Heap before GC invocations=561 (full 16):
 PSYoungGen      total 23040K, used 22548K [0x00000000eab00000, 0x00000000ed000000, 0x0000000100000000)
  eden space 17408K, 99% used [0x00000000eab00000,0x00000000ebbde630,0x00000000ebc00000)
  from space 5632K, 93% used [0x00000000eca80000,0x00000000ecfa6cf8,0x00000000ed000000)
  to   space 8192K, 0% used [0x00000000ec000000,0x00000000ec000000,0x00000000ec800000)
 ParOldGen       total 231936K, used 181736K [0x00000000c0000000, 0x00000000ce280000, 0x00000000eab00000)
  object space 231936K, 78% used [0x00000000c0000000,0x00000000cb17a2d8,0x00000000ce280000)
 Metaspace       used 76751K, committed 78016K, reserved 1179648K
  class space    used 8130K, committed 8640K, reserved 1048576K
}
Event: 197.755 GC heap after
{Heap after GC invocations=561 (full 16):
 PSYoungGen      total 24064K, used 6609K [0x00000000eab00000, 0x00000000ecb00000, 0x0000000100000000)
  eden space 17408K, 0% used [0x00000000eab00000,0x00000000eab00000,0x00000000ebc00000)
  from space 6656K, 99% used [0x00000000ec000000,0x00000000ec674420,0x00000000ec680000)
  to   space 4608K, 0% used [0x00000000ec680000,0x00000000ec680000,0x00000000ecb00000)
 ParOldGen       total 231936K, used 181736K [0x00000000c0000000, 0x00000000ce280000, 0x00000000eab00000)
  object space 231936K, 78% used [0x00000000c0000000,0x00000000cb17a2d8,0x00000000ce280000)
 Metaspace       used 76751K, committed 78016K, reserved 1179648K
  class space    used 8130K, committed 8640K, reserved 1048576K
}
Event: 198.377 GC heap before
{Heap before GC invocations=562 (full 16):
 PSYoungGen      total 24064K, used 24017K [0x00000000eab00000, 0x00000000ecb00000, 0x0000000100000000)
  eden space 17408K, 99% used [0x00000000eab00000,0x00000000ebbffff0,0x00000000ebc00000)
  from space 6656K, 99% used [0x00000000ec000000,0x00000000ec674420,0x00000000ec680000)
  to   space 4608K, 0% used [0x00000000ec680000,0x00000000ec680000,0x00000000ecb00000)
 ParOldGen       total 231936K, used 181736K [0x00000000c0000000, 0x00000000ce280000, 0x00000000eab00000)
  object space 231936K, 78% used [0x00000000c0000000,0x00000000cb17a2d8,0x00000000ce280000)
 Metaspace       used 76762K, committed 78016K, reserved 1179648K
  class space    used 8130K, committed 8640K, reserved 1048576K
}
Event: 198.385 GC heap after
{Heap after GC invocations=562 (full 16):
 PSYoungGen      total 20480K, used 4589K [0x00000000eab00000, 0x00000000ed400000, 0x0000000100000000)
  eden space 15872K, 0% used [0x00000000eab00000,0x00000000eab00000,0x00000000eba80000)
  from space 4608K, 99% used [0x00000000ec680000,0x00000000ecafb470,0x00000000ecb00000)
  to   space 12288K, 0% used [0x00000000eba80000,0x00000000eba80000,0x00000000ec680000)
 ParOldGen       total 231936K, used 188372K [0x00000000c0000000, 0x00000000ce280000, 0x00000000eab00000)
  object space 231936K, 81% used [0x00000000c0000000,0x00000000cb7f5160,0x00000000ce280000)
 Metaspace       used 76762K, committed 78016K, reserved 1179648K
  class space    used 8130K, committed 8640K, reserved 1048576K
}
Event: 200.678 GC heap before
{Heap before GC invocations=563 (full 16):
 PSYoungGen      total 20480K, used 20378K [0x00000000eab00000, 0x00000000ed400000, 0x0000000100000000)
  eden space 15872K, 99% used [0x00000000eab00000,0x00000000eba6b6a8,0x00000000eba80000)
  from space 4608K, 99% used [0x00000000ec680000,0x00000000ecafb470,0x00000000ecb00000)
  to   space 12288K, 0% used [0x00000000eba80000,0x00000000eba80000,0x00000000ec680000)
 ParOldGen       total 231936K, used 188372K [0x00000000c0000000, 0x00000000ce280000, 0x00000000eab00000)
  object space 231936K, 81% used [0x00000000c0000000,0x00000000cb7f5160,0x00000000ce280000)
 Metaspace       used 77067K, committed 78336K, reserved 1179648K
  class space    used 8179K, committed 8704K, reserved 1048576K
}
Event: 200.683 GC heap after
{Heap after GC invocations=563 (full 16):
 PSYoungGen      total 18944K, used 2752K [0x00000000eab00000, 0x00000000ec700000, 0x0000000100000000)
  eden space 15872K, 0% used [0x00000000eab00000,0x00000000eab00000,0x00000000eba80000)
  from space 3072K, 89% used [0x00000000eba80000,0x00000000ebd30040,0x00000000ebd80000)
  to   space 6144K, 0% used [0x00000000ec100000,0x00000000ec100000,0x00000000ec700000)
 ParOldGen       total 231936K, used 189020K [0x00000000c0000000, 0x00000000ce280000, 0x00000000eab00000)
  object space 231936K, 81% used [0x00000000c0000000,0x00000000cb8973a8,0x00000000ce280000)
 Metaspace       used 77067K, committed 78336K, reserved 1179648K
  class space    used 8179K, committed 8704K, reserved 1048576K
}
Event: 203.600 GC heap before
{Heap before GC invocations=564 (full 16):
 PSYoungGen      total 18944K, used 18624K [0x00000000eab00000, 0x00000000ec700000, 0x0000000100000000)
  eden space 15872K, 100% used [0x00000000eab00000,0x00000000eba80000,0x00000000eba80000)
  from space 3072K, 89% used [0x00000000eba80000,0x00000000ebd30040,0x00000000ebd80000)
  to   space 6144K, 0% used [0x00000000ec100000,0x00000000ec100000,0x00000000ec700000)
 ParOldGen       total 231936K, used 189020K [0x00000000c0000000, 0x00000000ce280000, 0x00000000eab00000)
  object space 231936K, 81% used [0x00000000c0000000,0x00000000cb8973a8,0x00000000ce280000)
 Metaspace       used 78672K, committed 80000K, reserved 1179648K
  class space    used 8351K, committed 8896K, reserved 1048576K
}
Event: 203.605 GC heap after
{Heap after GC invocations=564 (full 16):
 PSYoungGen      total 18944K, used 2849K [0x00000000eab00000, 0x00000000ec400000, 0x0000000100000000)
  eden space 15872K, 0% used [0x00000000eab00000,0x00000000eab00000,0x00000000eba80000)
  from space 3072K, 92% used [0x00000000ec100000,0x00000000ec3c8490,0x00000000ec400000)
  to   space 3584K, 0% used [0x00000000ebd00000,0x00000000ebd00000,0x00000000ec080000)
 ParOldGen       total 231936K, used 189028K [0x00000000c0000000, 0x00000000ce280000, 0x00000000eab00000)
  object space 231936K, 81% used [0x00000000c0000000,0x00000000cb8993a8,0x00000000ce280000)
 Metaspace       used 78672K, committed 80000K, reserved 1179648K
  class space    used 8351K, committed 8896K, reserved 1048576K
}
Event: 220.440 GC heap before
{Heap before GC invocations=565 (full 16):
 PSYoungGen      total 18944K, used 18721K [0x00000000eab00000, 0x00000000ec400000, 0x0000000100000000)
  eden space 15872K, 100% used [0x00000000eab00000,0x00000000eba80000,0x00000000eba80000)
  from space 3072K, 92% used [0x00000000ec100000,0x00000000ec3c8490,0x00000000ec400000)
  to   space 3584K, 0% used [0x00000000ebd00000,0x00000000ebd00000,0x00000000ec080000)
 ParOldGen       total 231936K, used 189028K [0x00000000c0000000, 0x00000000ce280000, 0x00000000eab00000)
  object space 231936K, 81% used [0x00000000c0000000,0x00000000cb8993a8,0x00000000ce280000)
 Metaspace       used 80375K, committed 81792K, reserved 1179648K
  class space    used 8662K, committed 9280K, reserved 1048576K
}
Event: 220.445 GC heap after
{Heap after GC invocations=565 (full 16):
 PSYoungGen      total 19456K, used 3185K [0x00000000eab00000, 0x00000000ec180000, 0x0000000100000000)
  eden space 15872K, 0% used [0x00000000eab00000,0x00000000eab00000,0x00000000eba80000)
  from space 3584K, 88% used [0x00000000ebd00000,0x00000000ec01c4a0,0x00000000ec080000)
  to   space 1024K, 0% used [0x00000000ec080000,0x00000000ec080000,0x00000000ec180000)
 ParOldGen       total 231936K, used 189036K [0x00000000c0000000, 0x00000000ce280000, 0x00000000eab00000)
  object space 231936K, 81% used [0x00000000c0000000,0x00000000cb89b3a8,0x00000000ce280000)
 Metaspace       used 80375K, committed 81792K, reserved 1179648K
  class space    used 8662K, committed 9280K, reserved 1048576K
}
Event: 300.801 GC heap before
{Heap before GC invocations=566 (full 16):
 PSYoungGen      total 19456K, used 19055K [0x00000000eab00000, 0x00000000ec180000, 0x0000000100000000)
  eden space 15872K, 99% used [0x00000000eab00000,0x00000000eba7f950,0x00000000eba80000)
  from space 3584K, 88% used [0x00000000ebd00000,0x00000000ec01c4a0,0x00000000ec080000)
  to   space 1024K, 0% used [0x00000000ec080000,0x00000000ec080000,0x00000000ec180000)
 ParOldGen       total 231936K, used 189036K [0x00000000c0000000, 0x00000000ce280000, 0x00000000eab00000)
  object space 231936K, 81% used [0x00000000c0000000,0x00000000cb89b3a8,0x00000000ce280000)
 Metaspace       used 81014K, committed 82368K, reserved 1179648K
  class space    used 8776K, committed 9408K, reserved 1048576K
}
Event: 301.130 GC heap after
{Heap after GC invocations=566 (full 16):
 PSYoungGen      total 16896K, used 1015K [0x00000000eab00000, 0x00000000ec180000, 0x0000000100000000)
  eden space 15872K, 0% used [0x00000000eab00000,0x00000000eab00000,0x00000000eba80000)
  from space 1024K, 99% used [0x00000000ec080000,0x00000000ec17de10,0x00000000ec180000)
  to   space 3584K, 0% used [0x00000000eba80000,0x00000000eba80000,0x00000000ebe00000)
 ParOldGen       total 231936K, used 191380K [0x00000000c0000000, 0x00000000ce280000, 0x00000000eab00000)
  object space 231936K, 82% used [0x00000000c0000000,0x00000000cbae53e8,0x00000000ce280000)
 Metaspace       used 81014K, committed 82368K, reserved 1179648K
  class space    used 8776K, committed 9408K, reserved 1048576K
}

